0 info it worked if it ends with ok
1 verbose cli [ 'node', '/usr/local/bin/npm', 'start' ]
2 info using npm@3.4.1
3 info using node@v0.10.25
4 verbose node symlink /usr/bin/node
5 verbose stack Error: Failed to parse json
5 verbose stack Trailing comma in object at 18:3
5 verbose stack   },
5 verbose stack   ^
5 verbose stack     at parseError (/usr/local/lib/node_modules/npm/node_modules/read-package-json/read-json.js:379:11)
5 verbose stack     at parseJson (/usr/local/lib/node_modules/npm/node_modules/read-package-json/read-json.js:68:23)
5 verbose stack     at /usr/local/lib/node_modules/npm/node_modules/read-package-json/read-json.js:48:5
5 verbose stack     at /usr/local/lib/node_modules/npm/node_modules/graceful-fs/graceful-fs.js:76:16
5 verbose stack     at fs.js:268:14
5 verbose stack     at /usr/local/lib/node_modules/npm/node_modules/graceful-fs/graceful-fs.js:42:10
5 verbose stack     at Object.oncomplete (fs.js:107:15)
6 verbose cwd /home/mitch/JournalApp
7 error Linux 3.16.0-55-generic
8 error argv "node" "/usr/local/bin/npm" "start"
9 error node v0.10.25
10 error npm  v3.4.1
11 error file /home/mitch/JournalApp/package.json
12 error code EJSONPARSE
13 error Failed to parse json
13 error Trailing comma in object at 18:3
13 error   },
13 error   ^
14 error File: /home/mitch/JournalApp/package.json
15 error Failed to parse package.json data.
15 error package.json must be actual JSON, not just JavaScript.
15 error
15 error This is not a bug in npm.
15 error Tell the package author to fix their package.json file. JSON.parse
16 verbose exit [ 1, true ]
